<testsuites tests="8">
  <testsuite name="Firefox - [SAUCELABS] test_suite_1.cy.js" tests="1" time="48">
    <properties>
      <property name="url" value="https://app.saucelabs.com/tests/7d7544f09a47428fb97ee53d1a5b1419"/>
      <property name="browser" value="firefox 108"/>
      <property name="platform" value="Windows 11"/>
    </properties>
    <testcase name="Component 1 Verify page structure" time="0.9450" classname="[SAUCELABS] Verify page structure"/>
  </testsuite>
  <testsuite name="Firefox - [SAUCELABS] test_suite_2.cy.js" tests="1" time="80">
    <properties>
      <property name="url" value="https://app.saucelabs.com/tests/cbb864e049c645e1a96d56e953fe33f0"/>
      <property name="browser" value="firefox 108"/>
      <property name="platform" value="Windows 11"/>
    </properties>
    <testcase name="Component 2 Verify page structure" time="0.9670" classname="[SAUCELABS] Verify page structure"/>
  </testsuite>
  <testsuite name="Chrome - [SAUCELABS] test_suite_1.cy.js" tests="1" time="65">
    <properties>
      <property name="url" value="https://app.saucelabs.com/tests/349cf779c0f94e649f7ea6ccc42e1753"/>
      <property name="browser" value="chrome 106"/>
      <property name="platform" value="Windows 11"/>
    </properties>
    <testcase name="Component 1 Verify page structure" time="0.7500" classname="[SAUCELABS] Verify page structure">
      <failure type="element not found" message="Fail due to...">stacktrace...</failure>
    </testcase>
  </testsuite>
  <testsuite name="Chrome - [SAUCELABS] test_suite_2.cy.js" tests="1" time="33">
    <properties>
      <property name="url" value="https://app.saucelabs.com/tests/c0e3ddae1e104b86b940ed7e8026ff83"/>
      <property name="browser" value="chrome 106"/>
      <property name="platform" value="Windows 11"/>
    </properties>
    <testcase name="Component 2 Verify page structure"
    time="0.7570" classname="[SAUCELABS] Verify page structure"/>
  </testsuite>
</testsuites>


