<?xml version="1.0" encoding="UTF-8"?>
<robot generator="Robot 7.4.2 (Python 3.13.0 on darwin)" generated="2026-08-28T16:50:09.808036" rpa="false" schemaversion="5">
<suite id="s1" name="Comprehensive Suite" source="/Users/nel/Desktop/Galt/TRCLI/trcli/tests/test_data/robot_source/comprehensive_suite">
<suite id="s1-s1" name="Api Tests" source="/Users/nel/Desktop/Galt/TRCLI/trcli/tests/test_data/robot_source/comprehensive_suite/api_tests">
<suite id="s1-s1-s1" name="Authentication" source="/Users/nel/Desktop/Galt/TRCLI/trcli/tests/test_data/robot_source/comprehensive_suite/api_tests/authentication">
<suite id="s1-s1-s1-s1" name="Login" source="/Users/nel/Desktop/Galt/TRCLI/trcli/tests/test_data/robot_source/comprehensive_suite/api_tests/authentication/login.robot">
<test id="s1-s1-s1-s1-t1" name="Successful Login With Nested Keywords" line="6">
<kw name="Perform Login" owner="common_keywords">
<kw name="Enter Credentials" owner="common_keywords">
<kw name="Type Username" owner="common_keywords">
<kw name="Log" owner="BuiltIn">
<msg time="2026-08-28T16:50:09.825770" level="INFO">Typing username: john_doe</msg>
<arg>Typing username: ${username}</arg>
<arg>level=INFO</arg>
<doc>Logs the given message with the given level.</doc>
<status status="PASS" start="2026-08-28T16:50:09.825636" elapsed="0.000159"/>
</kw>
<arg>${username}</arg>
<status status="PASS" start="2026-08-28T16:50:09.825496" elapsed="0.000330"/>
</kw>
<kw name="Type Password" owner="common_keywords">
<kw name="Log" owner="BuiltIn">
<arg>Typing password</arg>
<arg>level=DEBUG</arg>
<doc>Logs the given message with the given level.</doc>
<status status="PASS" start="2026-08-28T16:50:09.825937" elapsed="0.000091"/>
</kw>
<arg>${password}</arg>
<status status="PASS" start="2026-08-28T16:50:09.825864" elapsed="0.000184"/>
</kw>
<arg>${username}</arg>
<arg>${password}</arg>
<status status="PASS" start="2026-08-28T16:50:09.825388" elapsed="0.000673"/>
</kw>
<kw name="Submit Login Form" owner="common_keywords">
<kw name="Log" owner="BuiltIn">
<msg time="2026-08-28T16:50:09.826228" level="INFO">Submitting login form</msg>
<arg>Submitting login form</arg>
<arg>level=INFO</arg>
<doc>Logs the given message with the given level.</doc>
<status status="PASS" start="2026-08-28T16:50:09.826156" elapsed="0.000086"/>
</kw>
<kw name="Click Login Button" owner="common_keywords">
<kw name="Log" owner="BuiltIn">
<arg>Login button clicked</arg>
<arg>level=TRACE</arg>
<doc>Logs the given message with the given level.</doc>
<status status="PASS" start="2026-08-28T16:50:09.826334" elapsed="0.000075"/>
</kw>
<status status="PASS" start="2026-08-28T16:50:09.826277" elapsed="0.000149"/>
</kw>
<status status="PASS" start="2026-08-28T16:50:09.826098" elapsed="0.000339"/>
</kw>
<arg>john_doe</arg>
<arg>correct_password</arg>
<doc>Top-level keyword: 4 levels of nested keyword calls.</doc>
<status status="PASS" start="2026-08-28T16:50:09.825245" elapsed="0.001202"/>
</kw>
<doc>Exercises a 4-level-deep nested keyword call chain (Perform Login).</doc>
<tag>JIRA-1234</tag>
<tag>priority-high</tag>
<tag>smoke</tag>
<status status="PASS" start="2026-08-28T16:50:09.824953" elapsed="0.001529"/>
</test>
<test id="s1-s1-s1-s1-t2" name="Login Fails Deep In Nested Keyword Chain" line="11">
<kw name="Perform Risky Operation" owner="common_keywords">
<kw name="Validate Preconditions" owner="common_keywords">
<kw name="Log" owner="BuiltIn">
<msg time="2026-08-28T16:50:09.826863" level="INFO">Validating preconditions</msg>
<arg>Validating preconditions</arg>
<arg>level=INFO</arg>
<doc>Logs the given message with the given level.</doc>
<status status="PASS" start="2026-08-28T16:50:09.826790" elapsed="0.000087"/>
</kw>
<status status="PASS" start="2026-08-28T16:50:09.826736" elapsed="0.000158"/>
</kw>
<kw name="Execute Operation" owner="common_keywords">
<kw name="Prepare Payload" owner="common_keywords">
<kw name="Log" owner="BuiltIn">
<arg>Preparing request payload</arg>
<arg>level=DEBUG</arg>
<doc>Logs the given message with the given level.</doc>
<status status="PASS" start="2026-08-28T16:50:09.827048" elapsed="0.000079"/>
</kw>
<status status="PASS" start="2026-08-28T16:50:09.826994" elapsed="0.000150"/>
</kw>
<kw name="Send Request And Validate" owner="common_keywords">
<kw name="Log" owner="BuiltIn">
<msg time="2026-08-28T16:50:09.827307" level="INFO">Sending request</msg>
<arg>Sending request</arg>
<arg>level=INFO</arg>
<doc>Logs the given message with the given level.</doc>
<status status="PASS" start="2026-08-28T16:50:09.827236" elapsed="0.000084"/>
</kw>
<kw name="Fail" owner="BuiltIn">
<msg time="2026-08-28T16:50:09.827442" level="FAIL">Deeply nested failure at level 4</msg>
<arg>Deeply nested failure at level 4</arg>
<doc>Fails the test with the given message and optionally alters its tags.</doc>
<status status="FAIL" start="2026-08-28T16:50:09.827347" elapsed="0.000145">Deeply nested failure at level 4</status>
</kw>
<status status="FAIL" start="2026-08-28T16:50:09.827178" elapsed="0.000358">Deeply nested failure at level 4</status>
</kw>
<status status="FAIL" start="2026-08-28T16:50:09.826927" elapsed="0.000636">Deeply nested failure at level 4</status>
</kw>
<doc>Nested keyword chain that fails 3 custom levels deep.</doc>
<status status="FAIL" start="2026-08-28T16:50:09.826673" elapsed="0.000912">Deeply nested failure at level 4</status>
</kw>
<doc>Exercises failure propagation up through 3 levels of nested keywords.</doc>
<tag>JIRA-1235</tag>
<tag>priority-high</tag>
<status status="FAIL" start="2026-08-28T16:50:09.826540" elapsed="0.001088">Deeply nested failure at level 4</status>
</test>
<test id="s1-s1-s1-s1-t3" name="Login Test With All Message Levels" line="16">
<kw name="Log All Message Levels" owner="common_keywords">
<kw name="Log" owner="BuiltIn">
<arg>trace level message</arg>
<arg>level=TRACE</arg>
<doc>Logs the given message with the given level.</doc>
<status status="PASS" start="2026-08-28T16:50:09.828064" elapsed="0.000081"/>
</kw>
<kw name="Log" owner="BuiltIn">
<arg>debug level message</arg>
<arg>level=DEBUG</arg>
<doc>Logs the given message with the given level.</doc>
<status status="PASS" start="2026-08-28T16:50:09.828174" elapsed="0.000076"/>
</kw>
<kw name="Log" owner="BuiltIn">
<msg time="2026-08-28T16:50:09.828346" level="INFO">info level message</msg>
<arg>info level message</arg>
<arg>level=INFO</arg>
<doc>Logs the given message with the given level.</doc>
<status status="PASS" start="2026-08-28T16:50:09.828278" elapsed="0.000081"/>
</kw>
<kw name="Log" owner="BuiltIn">
<msg time="2026-08-28T16:50:09.828453" level="WARN">warn level message</msg>
<arg>warn level message</arg>
<arg>level=WARN</arg>
<doc>Logs the given message with the given level.</doc>
<status status="PASS" start="2026-08-28T16:50:09.828387" elapsed="0.000094"/>
</kw>
<doc>Emits one message at each supported Robot Framework log level.</doc>
<status status="PASS" start="2026-08-28T16:50:09.828001" elapsed="0.000497"/>
</kw>
<kw name="Perform Login" owner="common_keywords">
<kw name="Enter Credentials" owner="common_keywords">
<kw name="Type Username" owner="common_keywords">
<kw name="Log" owner="BuiltIn">
<msg time="2026-08-28T16:50:09.828850" level="INFO">Typing username: jane_doe</msg>
<arg>Typing username: ${username}</arg>
<arg>level=INFO</arg>
<doc>Logs the given message with the given level.</doc>
<status status="PASS" start="2026-08-28T16:50:09.828766" elapsed="0.000097"/>
</kw>
<arg>${username}</arg>
<status status="PASS" start="2026-08-28T16:50:09.828702" elapsed="0.000179"/>
</kw>
<kw name="Type Password" owner="common_keywords">
<kw name="Log" owner="BuiltIn">
<arg>Typing password</arg>
<arg>level=DEBUG</arg>
<doc>Logs the given message with the given level.</doc>
<status status="PASS" start="2026-08-28T16:50:09.828983" elapsed="0.000077"/>
</kw>
<arg>${password}</arg>
<status status="PASS" start="2026-08-28T16:50:09.828913" elapsed="0.000165"/>
</kw>
<arg>${username}</arg>
<arg>${password}</arg>
<status status="PASS" start="2026-08-28T16:50:09.828616" elapsed="0.000473"/>
</kw>
<kw name="Submit Login Form" owner="common_keywords">
<kw name="Log" owner="BuiltIn">
<msg time="2026-08-28T16:50:09.829249" level="INFO">Submitting login form</msg>
<arg>Submitting login form</arg>
<arg>level=INFO</arg>
<doc>Logs the given message with the given level.</doc>
<status status="PASS" start="2026-08-28T16:50:09.829179" elapsed="0.000385"/>
</kw>
<kw name="Click Login Button" owner="common_keywords">
<kw name="Log" owner="BuiltIn">
<arg>Login button clicked</arg>
<arg>level=TRACE</arg>
<doc>Logs the given message with the given level.</doc>
<status status="PASS" start="2026-08-28T16:50:09.829660" elapsed="0.000079"/>
</kw>
<status status="PASS" start="2026-08-28T16:50:09.829602" elapsed="0.000154"/>
</kw>
<status status="PASS" start="2026-08-28T16:50:09.829122" elapsed="0.000646"/>
</kw>
<arg>jane_doe</arg>
<arg>another_password</arg>
<doc>Top-level keyword: 4 levels of nested keyword calls.</doc>
<status status="PASS" start="2026-08-28T16:50:09.828536" elapsed="0.001242"/>
</kw>
<doc>Exercises TRACE/DEBUG/INFO/WARN log messages plus nested keywords.</doc>
<tag>JIRA-1236</tag>
<tag>priority-low</tag>
<status status="PASS" start="2026-08-28T16:50:09.827690" elapsed="0.002119"/>
</test>
<status status="FAIL" start="2026-08-28T16:50:09.823210" elapsed="0.006714"/>
</suite>
<suite id="s1-s1-s1-s2" name="Logout" source="/Users/nel/Desktop/Galt/TRCLI/trcli/tests/test_data/robot_source/comprehensive_suite/api_tests/authentication/logout.robot">
<test id="s1-s1-s1-s2-t1" name="Successful Logout" line="6">
<kw name="Log" owner="BuiltIn">
<msg time="2026-08-28T16:50:09.830616" level="INFO">Logging out user</msg>
<arg>Logging out user</arg>
<arg>level=INFO</arg>
<doc>Logs the given message with the given level.</doc>
<status status="PASS" start="2026-08-28T16:50:09.830544" elapsed="0.000086"/>
</kw>
<doc>Simple passing test, sibling suite file under the same directory.</doc>
<tag>JIRA-1237</tag>
<tag>priority-medium</tag>
<status status="PASS" start="2026-08-28T16:50:09.830432" elapsed="0.000230"/>
</test>
<test id="s1-s1-s1-s2-t2" name="Logout Test Is Skipped" line="11">
<kw name="Skip" owner="BuiltIn">
<msg time="2026-08-28T16:50:09.830868" level="SKIP">Skipping this test intentionally for coverage of SKIP status mapping</msg>
<arg>Skipping this test intentionally for coverage of SKIP status mapping</arg>
<doc>Skips the rest of the current test.</doc>
<status status="SKIP" start="2026-08-28T16:50:09.830797" elapsed="0.000099">Skipping this test intentionally for coverage of SKIP status mapping</status>
</kw>
<doc>Exercises SKIP status mapping.</doc>
<tag>JIRA-1238</tag>
<tag>priority-low</tag>
<status status="SKIP" start="2026-08-28T16:50:09.830709" elapsed="0.000226">Skipping this test intentionally for coverage of SKIP status mapping</status>
</test>
<test id="s1-s1-s1-s2-t3" name="Logout With Multiple Argument Styles" line="16">
<kw name="Create User With Args" owner="common_keywords">
<kw name="Log" owner="BuiltIn">
<msg time="2026-08-28T16:50:09.831339" level="INFO">Creating user john_doe with email=john@example.com, role=admin, active=True</msg>
<arg>Creating user ${username} with email=${email}, role=${role}, active=${active}</arg>
<arg>level=INFO</arg>
<doc>Logs the given message with the given level.</doc>
<status status="PASS" start="2026-08-28T16:50:09.831223" elapsed="0.000130"/>
</kw>
<arg>john_doe</arg>
<arg>john@example.com</arg>
<arg>role=admin</arg>
<arg>active=${TRUE}</arg>
<doc>Keyword exercising multiple positional + named/default arguments.</doc>
<status status="PASS" start="2026-08-28T16:50:09.831106" elapsed="0.000265"/>
</kw>
<kw name="Create User With Args" owner="common_keywords">
<kw name="Log" owner="BuiltIn">
<msg time="2026-08-28T16:50:09.831610" level="INFO">Creating user jane_doe with email=jane@example.com, role=member, active=True</msg>
<arg>Creating user ${username} with email=${email}, role=${role}, active=${active}</arg>
<arg>level=INFO</arg>
<doc>Logs the given message with the given level.</doc>
<status status="PASS" start="2026-08-28T16:50:09.831495" elapsed="0.000128"/>
</kw>
<arg>jane_doe</arg>
<arg>jane@example.com</arg>
<doc>Keyword exercising multiple positional + named/default arguments.</doc>
<status status="PASS" start="2026-08-28T16:50:09.831410" elapsed="0.000230"/>
</kw>
<doc>Exercises positional + named/default keyword arguments.</doc>
<tag>JIRA-1239</tag>
<tag>priority-medium</tag>
<status status="PASS" start="2026-08-28T16:50:09.830986" elapsed="0.000684"/>
</test>
<status status="PASS" start="2026-08-28T16:50:09.830081" elapsed="0.001659"/>
</suite>
<status status="FAIL" start="2026-08-28T16:50:09.822940" elapsed="0.008969"/>
</suite>
<suite id="s1-s1-s2" name="User Management" source="/Users/nel/Desktop/Galt/TRCLI/trcli/tests/test_data/robot_source/comprehensive_suite/api_tests/user_management">
<suite id="s1-s1-s2-s1" name="Create User" source="/Users/nel/Desktop/Galt/TRCLI/trcli/tests/test_data/robot_source/comprehensive_suite/api_tests/user_management/create_user.robot">
<test id="s1-s1-s2-s1-t1" name="Create User Successfully" line="6">
<kw name="Create User With Args" owner="common_keywords">
<kw name="Log" owner="BuiltIn">
<msg time="2026-08-28T16:50:09.832940" level="INFO">Creating user alice with email=alice@example.com, role=admin, active=True</msg>
<arg>Creating user ${username} with email=${email}, role=${role}, active=${active}</arg>
<arg>level=INFO</arg>
<doc>Logs the given message with the given level.</doc>
<status status="PASS" start="2026-08-28T16:50:09.832824" elapsed="0.000130"/>
</kw>
<arg>alice</arg>
<arg>alice@example.com</arg>
<arg>role=admin</arg>
<arg>active=${TRUE}</arg>
<doc>Keyword exercising multiple positional + named/default arguments.</doc>
<status status="PASS" start="2026-08-28T16:50:09.832720" elapsed="0.000252"/>
</kw>
<doc>Passing test with multiple named arguments.</doc>
<tag>JIRA-2001</tag>
<tag>priority-high</tag>
<status status="PASS" start="2026-08-28T16:50:09.832610" elapsed="0.000392"/>
</test>
<test id="s1-s1-s2-s1-t2" name="Create User With Failing Setup" line="11">
<kw name="Failing Setup Keyword" owner="common_keywords" type="SETUP">
<kw name="Fail" owner="BuiltIn">
<msg time="2026-08-28T16:50:09.833295" level="FAIL">Intentional setup failure for test data coverage</msg>
<arg>Intentional setup failure for test data coverage</arg>
<doc>Fails the test with the given message and optionally alters its tags.</doc>
<status status="FAIL" start="2026-08-28T16:50:09.833218" elapsed="0.000098">Intentional setup failure for test data coverage</status>
</kw>
<status status="FAIL" start="2026-08-28T16:50:09.833163" elapsed="0.000183">Intentional setup failure for test data coverage</status>
</kw>
<doc>Exercises test-level [Setup] failure -&gt; test marked FAIL.</doc>
<tag>JIRA-2002</tag>
<tag>priority-high</tag>
<status status="FAIL" start="2026-08-28T16:50:09.833047" elapsed="0.000338">Setup failed:
Intentional setup failure for test data coverage</status>
</test>
<test id="s1-s1-s2-s1-t3" name="Create User With Failing Teardown" line="17">
<kw name="Log" owner="BuiltIn">
<msg time="2026-08-28T16:50:09.833634" level="INFO">Main test body executes fine</msg>
<arg>Main test body executes fine</arg>
<arg>level=INFO</arg>
<doc>Logs the given message with the given level.</doc>
<status status="PASS" start="2026-08-28T16:50:09.833560" elapsed="0.000087"/>
</kw>
<kw name="Failing Teardown Keyword" owner="common_keywords" type="TEARDOWN">
<kw name="Fail" owner="BuiltIn">
<msg time="2026-08-28T16:50:09.833845" level="FAIL">Intentional teardown failure for test data coverage</msg>
<arg>Intentional teardown failure for test data coverage</arg>
<doc>Fails the test with the given message and optionally alters its tags.</doc>
<status status="FAIL" start="2026-08-28T16:50:09.833771" elapsed="0.000092">Intentional teardown failure for test data coverage</status>
</kw>
<status status="FAIL" start="2026-08-28T16:50:09.833706" elapsed="0.000190">Intentional teardown failure for test data coverage</status>
</kw>
<doc>Exercises test-level [Teardown] failure -&gt; test marked FAIL even though body passes.</doc>
<tag>JIRA-2003</tag>
<tag>priority-medium</tag>
<status status="FAIL" start="2026-08-28T16:50:09.833438" elapsed="0.000474">Teardown failed:
Intentional teardown failure for test data coverage</status>
</test>
<status status="FAIL" start="2026-08-28T16:50:09.832313" elapsed="0.001694"/>
</suite>
<suite id="s1-s1-s2-s2" name="Delete User" source="/Users/nel/Desktop/Galt/TRCLI/trcli/tests/test_data/robot_source/comprehensive_suite/api_tests/user_management/delete_user.robot">
<test id="s1-s1-s2-s2-t1" name="Delete User Successfully" line="6">
<kw name="Log" owner="BuiltIn">
<msg time="2026-08-28T16:50:09.834629" level="INFO">Deleting user account</msg>
<arg>Deleting user account</arg>
<arg>level=INFO</arg>
<doc>Logs the given message with the given level.</doc>
<status status="PASS" start="2026-08-28T16:50:09.834557" elapsed="0.000085"/>
</kw>
<doc>Simple passing test in a deeper suite nesting level.</doc>
<tag>JIRA-2004</tag>
<tag>priority-medium</tag>
<status status="PASS" start="2026-08-28T16:50:09.834452" elapsed="0.000223"/>
</test>
<test id="s1-s1-s2-s2-t2" name="Delete Nonexistent User Fails" line="11">
<kw name="Fail" owner="BuiltIn">
<msg time="2026-08-28T16:50:09.834909" level="FAIL">User does not exist, cannot delete</msg>
<arg>User does not exist, cannot delete</arg>
<doc>Fails the test with the given message and optionally alters its tags.</doc>
<status status="FAIL" start="2026-08-28T16:50:09.834839" elapsed="0.000091">User does not exist, cannot delete</status>
</kw>
<doc>Directly-failing test (no nested keyword involved) for contrast against nested failures.</doc>
<tag>JIRA-2005</tag>
<tag>priority-high</tag>
<status status="FAIL" start="2026-08-28T16:50:09.834720" elapsed="0.000251">User does not exist, cannot delete</status>
</test>
<status status="FAIL" start="2026-08-28T16:50:09.834148" elapsed="0.000888"/>
</suite>
<status status="FAIL" start="2026-08-28T16:50:09.832044" elapsed="0.003153"/>
</suite>
<status status="FAIL" start="2026-08-28T16:50:09.822607" elapsed="0.012746"/>
</suite>
<suite id="s1-s2" name="Reporting" source="/Users/nel/Desktop/Galt/TRCLI/trcli/tests/test_data/robot_source/comprehensive_suite/reporting">
<suite id="s1-s2-s1" name="Generate Report" source="/Users/nel/Desktop/Galt/TRCLI/trcli/tests/test_data/robot_source/comprehensive_suite/reporting/generate_report.robot">
<kw name="Failing Suite Setup" owner="common_keywords" type="SETUP">
<kw name="Fail" owner="BuiltIn">
<msg time="2026-08-28T16:50:09.836153" level="FAIL">Intentional suite setup failure for test data coverage</msg>
<arg>Intentional suite setup failure for test data coverage</arg>
<doc>Fails the test with the given message and optionally alters its tags.</doc>
<status status="FAIL" start="2026-08-28T16:50:09.836081" elapsed="0.000091">Intentional suite setup failure for test data coverage</status>
</kw>
<status status="FAIL" start="2026-08-28T16:50:09.836039" elapsed="0.000161">Intentional suite setup failure for test data coverage</status>
</kw>
<test id="s1-s2-s1-t1" name="Generate Daily Report" line="7">
<doc>Would pass on its own, but suite setup fails first -&gt; test marked FAIL.</doc>
<tag>JIRA-3001</tag>
<tag>priority-medium</tag>
<status status="FAIL" start="2026-08-28T16:50:09.836219" elapsed="0.000113">Parent suite setup failed:
Intentional suite setup failure for test data coverage</status>
</test>
<test id="s1-s2-s1-t2" name="Generate Weekly Report" line="12">
<doc>Second test in the same suite, also affected by the suite setup failure.</doc>
<tag>JIRA-3002</tag>
<tag>priority-low</tag>
<status status="FAIL" start="2026-08-28T16:50:09.836382" elapsed="0.000105">Parent suite setup failed:
Intentional suite setup failure for test data coverage</status>
</test>
<status status="FAIL" start="2026-08-28T16:50:09.835725" elapsed="0.000828">Suite setup failed:
Intentional suite setup failure for test data coverage</status>
</suite>
<status status="FAIL" start="2026-08-28T16:50:09.835474" elapsed="0.001230"/>
</suite>
<status status="FAIL" start="2026-08-28T16:50:09.808479" elapsed="0.028369"/>
</suite>
<statistics>
<total>
<stat pass="6" fail="6" skip="1">All Tests</stat>
</total>
<tag>
<stat pass="1" fail="0" skip="0">JIRA-1234</stat>
<stat pass="0" fail="1" skip="0">JIRA-1235</stat>
<stat pass="1" fail="0" skip="0">JIRA-1236</stat>
<stat pass="1" fail="0" skip="0">JIRA-1237</stat>
<stat pass="0" fail="0" skip="1">JIRA-1238</stat>
<stat pass="1" fail="0" skip="0">JIRA-1239</stat>
<stat pass="1" fail="0" skip="0">JIRA-2001</stat>
<stat pass="0" fail="1" skip="0">JIRA-2002</stat>
<stat pass="0" fail="1" skip="0">JIRA-2003</stat>
<stat pass="1" fail="0" skip="0">JIRA-2004</stat>
<stat pass="0" fail="1" skip="0">JIRA-2005</stat>
<stat pass="0" fail="1" skip="0">JIRA-3001</stat>
<stat pass="0" fail="1" skip="0">JIRA-3002</stat>
<stat pass="2" fail="3" skip="0">priority-high</stat>
<stat pass="1" fail="1" skip="1">priority-low</stat>
<stat pass="3" fail="2" skip="0">priority-medium</stat>
<stat pass="1" fail="0" skip="0">smoke</stat>
</tag>
<suite>
<stat name="Comprehensive Suite" id="s1" pass="6" fail="6" skip="1">Comprehensive Suite</stat>
<stat name="Api Tests" id="s1-s1" pass="6" fail="4" skip="1">Comprehensive Suite.Api Tests</stat>
<stat name="Authentication" id="s1-s1-s1" pass="4" fail="1" skip="1">Comprehensive Suite.Api Tests.Authentication</stat>
<stat name="Login" id="s1-s1-s1-s1" pass="2" fail="1" skip="0">Comprehensive Suite.Api Tests.Authentication.Login</stat>
<stat name="Logout" id="s1-s1-s1-s2" pass="2" fail="0" skip="1">Comprehensive Suite.Api Tests.Authentication.Logout</stat>
<stat name="User Management" id="s1-s1-s2" pass="2" fail="3" skip="0">Comprehensive Suite.Api Tests.User Management</stat>
<stat name="Create User" id="s1-s1-s2-s1" pass="1" fail="2" skip="0">Comprehensive Suite.Api Tests.User Management.Create User</stat>
<stat name="Delete User" id="s1-s1-s2-s2" pass="1" fail="1" skip="0">Comprehensive Suite.Api Tests.User Management.Delete User</stat>
<stat name="Reporting" id="s1-s2" pass="0" fail="2" skip="0">Comprehensive Suite.Reporting</stat>
<stat name="Generate Report" id="s1-s2-s1" pass="0" fail="2" skip="0">Comprehensive Suite.Reporting.Generate Report</stat>
</suite>
</statistics>
<errors>
<msg time="2026-08-28T16:50:09.824463" level="WARN">Error in file '/Users/nel/Desktop/Galt/TRCLI/trcli/tests/test_data/robot_source/resources/common_keywords.robot' on line 1: Singular section headers like '*** Comment ***' are deprecated. Use plural format like '*** Comments ***' instead.</msg>
<msg time="2026-08-28T16:50:09.828453" level="WARN">warn level message</msg>
</errors>
</robot>
